<!DOCTYPE html PUBLIC "-//W3C//DTD XHTML 1.1//EN" "http://www.w3.org/TR/xhtml11/DTD/xhtml11.dtd">
<html xmlns="http://www.w3.org/1999/xhtml">
<head>
<meta http-equiv="content-type" content="text/html; charset=UTF-8"/>
<title>TestNG Report</title>
<style type="text/css">table {margin-bottom:10px;border-collapse:collapse;empty-cells:show}th,td {border:1px solid #009;padding:.25em .5em}th {vertical-align:bottom}td {vertical-align:top}table a {font-weight:bold}.stripe td {background-color: #E6EBF9}.num {text-align:right}.passedodd td {background-color: #3F3}.passedeven td {background-color: #0A0}.skippedodd td {background-color: #DDD}.skippedeven td {background-color: #CCC}.failedodd td,.attn {background-color: #F33}.failedeven td,.stripe .attn {background-color: #D00}.stacktrace {white-space:pre;font-family:monospace}.totop {font-size:85%;text-align:center;border-bottom:2px solid #000}.invisible {display:none}</style>
</head>
<body>
<table>
<tr><th>Test</th><th># Passed</th><th># Skipped</th><th># Failed</th><th>Time (ms)</th><th>Included Groups</th><th>Excluded Groups</th></tr>
<tr><th colspan="7">Cross Browser Test Suite</th></tr>
<tr><td><a href="#t0">Chrome Browser Test</a></td><td class="num">26</td><td class="num">0</td><td class="num attn">7</td><td class="num">534,358</td><td></td><td></td></tr>
<tr class="stripe"><td><a href="#t1">Edge Browser Test</a></td><td class="num">23</td><td class="num">0</td><td class="num attn">10</td><td class="num">629,097</td><td></td><td></td></tr>
<tr><th>Total</th><th class="num">49</th><th class="num">0</th><th class="num attn">17</th><th class="num">1,163,455</th><th colspan="2"></th></tr>
</table>
<table id='summary'><thead><tr><th>Class</th><th>Method</th><th>Start</th><th>Time (ms)</th></tr></thead><tbody><tr><th colspan="4">Cross Browser Test Suite</th></tr></tbody><tbody id="t0"><tr><th colspan="4">Chrome Browser Test &#8212; failed</th></tr><tr class="failedeven"><td rowspan="3">executeClass.CategoryPageExecution</td><td><a href="#m0">addNewCategory</a></td><td rowspan="1">1653014899506</td><td rowspan="1">6301</td></tr><tr class="failedeven"><td><a href="#m1">verifyCancelOnAddCategoryPageCloseThePage</a></td><td rowspan="1">1653014967213</td><td rowspan="1">7252</td></tr><tr class="failedeven"><td><a href="#m2">verifyDelectFunction</a></td><td rowspan="1">1653015028309</td><td rowspan="1">6868</td></tr><tr class="failedodd"><td rowspan="3">executeClass.LogInPageExecution</td><td><a href="#m3">verifyUnsuccessfulLogin</a></td><td rowspan="3">1653014583675</td><td rowspan="3">1370</td></tr><tr class="failedodd"><td><a href="#m4">verifyUnsuccessfulLogin</a></td></tr><tr class="failedodd"><td><a href="#m5">verifyUnsuccessfulLogin</a></td></tr><tr class="failedeven"><td rowspan="1">executeClass.ManageProductExecution</td><td><a href="#m6">addNewProduct</a></td><td rowspan="1">1653014998302</td><td rowspan="1">6144</td></tr><tr><th colspan="4">Chrome Browser Test &#8212; passed</th></tr><tr class="passedeven"><td rowspan="5">executeClass.AdminUsersPageExecution</td><td><a href="#m7">isPage2SelectedByClickingNextPage</a></td><td rowspan="1">1653015013812</td><td rowspan="1">4448</td></tr><tr class="passedeven"><td><a href="#m8">verifyDelectUserFuctionalty</a></td><td rowspan="1">1653014885511</td><td rowspan="1">4214</td></tr><tr class="passedeven"><td><a href="#m9">verifyNewUseraddedOrNot</a></td><td rowspan="1">1653014794210</td><td rowspan="1">6610</td></tr><tr class="passedeven"><td><a href="#m10">verifySearchWithUsername</a></td><td rowspan="1">1653014950023</td><td rowspan="1">5850</td></tr><tr class="passedeven"><td><a href="#m11">verifyThePageHeading</a></td><td rowspan="1">1653014670407</td><td rowspan="1">4796</td></tr><tr class="passedodd"><td rowspan="2">executeClass.CategoryPageExecution</td><td><a href="#m12">verifyPageHeading</a></td><td rowspan="1">1653014685081</td><td rowspan="1">5465</td></tr><tr class="passedodd"><td><a href="#m13">verifySearchFunction</a></td><td rowspan="1">1653014813588</td><td rowspan="1">7125</td></tr><tr class="passedeven"><td rowspan="8">executeClass.DashboardExecution</td><td><a href="#m14">VerifymanageCODPageGettingOrNot</a></td><td rowspan="1">1653014914336</td><td rowspan="1">2979</td></tr><tr class="passedeven"><td><a href="#m15">isExpenceCategoryUnderManageExpenceCanBeEnable</a></td><td rowspan="1">1653015066904</td><td rowspan="1">4108</td></tr><tr class="passedeven"><td><a href="#m16">isLogoutOptionDisplayed</a></td><td rowspan="1">1653015044895</td><td rowspan="1">3588</td></tr><tr class="passedeven"><td><a href="#m17">verifyLoginUserIsAdmin</a></td><td rowspan="1">1653014627144</td><td rowspan="1">1942</td></tr><tr class="passedeven"><td><a href="#m18">verifyLogoutFunctinality</a></td><td rowspan="1">1653015056216</td><td rowspan="1">3162</td></tr><tr class="passedeven"><td><a href="#m19">verifyManageOfferCodePageGettingOrNot</a></td><td rowspan="1">1653014985092</td><td rowspan="1">2686</td></tr><tr class="passedeven"><td><a href="#m20">verifyManageProductPageGettingOrNot</a></td><td rowspan="1">1653014845361</td><td rowspan="1">3902</td></tr><tr class="passedeven"><td><a href="#m21">verifyPageTitle</a></td><td rowspan="1">1653014721825</td><td rowspan="1">1917</td></tr><tr class="passedodd"><td rowspan="4">executeClass.ExpenceCategoryPageExecution</td><td><a href="#m22">addNewexpenceCategory</a></td><td rowspan="1">1653014762856</td><td rowspan="1">7456</td></tr><tr class="passedodd"><td><a href="#m23">delectCategory</a></td><td rowspan="1">1653014937679</td><td rowspan="1">4306</td></tr><tr class="passedodd"><td><a href="#m24">editExistingCategory</a></td><td rowspan="1">1653014870271</td><td rowspan="1">5596</td></tr><tr class="passedodd"><td><a href="#m25">verifyHeading</a></td><td rowspan="1">1653014655830</td><td rowspan="1">4164</td></tr><tr class="passedeven"><td rowspan="3">executeClass.LogInPageExecution</td><td><a href="#m26">isRememberMeCheckboxEnabledAfterClick</a></td><td rowspan="1">1653014559590</td><td rowspan="1">597</td></tr><tr class="passedeven"><td><a href="#m27">verifySLoginWithInvalidUsernameAndPassword</a></td><td rowspan="1">1653014832218</td><td rowspan="1">1353</td></tr><tr class="passedeven"><td><a href="#m28">verifySuccessfulLogin</a></td><td rowspan="1">1653014699626</td><td rowspan="1">8826</td></tr><tr class="passedodd"><td rowspan="4">executeClass.ManageProductExecution</td><td><a href="#m29">verifyDelectFuntionality</a></td><td rowspan="1">1653014925941</td><td rowspan="1">3642</td></tr><tr class="passedodd"><td><a href="#m30">verifyHeading</a></td><td rowspan="1">1653014639656</td><td rowspan="1">5125</td></tr><tr class="passedodd"><td><a href="#m31">verifyResetUnderSearchWillClearSearchResult</a></td><td rowspan="1">1653014857432</td><td rowspan="1">5594</td></tr><tr class="passedodd"><td><a href="#m32">verifySearchFuntion</a></td><td rowspan="1">1653014737986</td><td rowspan="1">6252</td></tr></tbody>
<tbody id="t1"><tr><th colspan="4">Edge Browser Test &#8212; failed</th></tr><tr class="failedeven"><td rowspan="2">executeClass.AdminUsersPageExecution</td><td><a href="#m33">verifyNewUseraddedOrNot</a></td><td rowspan="1">1653014847986</td><td rowspan="1">16708</td></tr><tr class="failedeven"><td><a href="#m34">verifySearchWithUsername</a></td><td rowspan="1">1653015055815</td><td rowspan="1">4725</td></tr><tr class="failedodd"><td rowspan="3">executeClass.CategoryPageExecution</td><td><a href="#m35">addNewCategory</a></td><td rowspan="1">1653014976339</td><td rowspan="1">8569</td></tr><tr class="failedodd"><td><a href="#m36">verifyCancelOnAddCategoryPageCloseThePage</a></td><td rowspan="1">1653015072818</td><td rowspan="1">4390</td></tr><tr class="failedodd"><td><a href="#m37">verifyDelectFunction</a></td><td rowspan="1">1653015122211</td><td rowspan="1">4034</td></tr><tr class="failedeven"><td rowspan="1">executeClass.ExpenceCategoryPageExecution</td><td><a href="#m38">addNewexpenceCategory</a></td><td rowspan="1">1653014814294</td><td rowspan="1">17853</td></tr><tr class="failedodd"><td rowspan="3">executeClass.LogInPageExecution</td><td><a href="#m39">verifyUnsuccessfulLogin</a></td><td rowspan="3">1653014636599</td><td rowspan="3">1415</td></tr><tr class="failedodd"><td><a href="#m40">verifyUnsuccessfulLogin</a></td></tr><tr class="failedodd"><td><a href="#m41">verifyUnsuccessfulLogin</a></td></tr><tr class="failedeven"><td rowspan="1">executeClass.ManageProductExecution</td><td><a href="#m42">addNewProduct</a></td><td rowspan="1">1653015096471</td><td rowspan="1">5309</td></tr><tr><th colspan="4">Edge Browser Test &#8212; passed</th></tr><tr class="passedeven"><td rowspan="3">executeClass.AdminUsersPageExecution</td><td><a href="#m43">isPage2SelectedByClickingNextPage</a></td><td rowspan="1">1653015110244</td><td rowspan="1">3461</td></tr><tr class="passedeven"><td><a href="#m44">verifyDelectUserFuctionalty</a></td><td rowspan="1">1653014958106</td><td rowspan="1">6809</td></tr><tr class="passedeven"><td><a href="#m45">verifyThePageHeading</a></td><td rowspan="1">1653014694082</td><td rowspan="1">4089</td></tr><tr class="passedodd"><td rowspan="2">executeClass.CategoryPageExecution</td><td><a href="#m46">verifyPageHeading</a></td><td rowspan="1">1653014707519</td><td rowspan="1">8971</td></tr><tr class="passedodd"><td><a href="#m47">verifySearchFunction</a></td><td rowspan="1">1653014882011</td><td rowspan="1">5381</td></tr><tr class="passedeven"><td rowspan="8">executeClass.DashboardExecution</td><td><a href="#m48">VerifymanageCODPageGettingOrNot</a></td><td rowspan="1">1653015006414</td><td rowspan="1">3592</td></tr><tr class="passedeven"><td><a href="#m49">isExpenceCategoryUnderManageExpenceCanBeEnable</a></td><td rowspan="1">1653015163379</td><td rowspan="1">2981</td></tr><tr class="passedeven"><td><a href="#m50">isLogoutOptionDisplayed</a></td><td rowspan="1">1653015135444</td><td rowspan="1">1864</td></tr><tr class="passedeven"><td><a href="#m51">verifyLoginUserIsAdmin</a></td><td rowspan="1">1653014649508</td><td rowspan="1">2637</td></tr><tr class="passedeven"><td><a href="#m52">verifyLogoutFunctinality</a></td><td rowspan="1">1653015146288</td><td rowspan="1">8715</td></tr><tr class="passedeven"><td><a href="#m53">verifyManageOfferCodePageGettingOrNot</a></td><td rowspan="1">1653015085946</td><td rowspan="1">2471</td></tr><tr class="passedeven"><td><a href="#m54">verifyManageProductPageGettingOrNot</a></td><td rowspan="1">1653014909211</td><td rowspan="1">3901</td></tr><tr class="passedeven"><td><a href="#m55">verifyPageTitle</a></td><td rowspan="1">1653014752818</td><td rowspan="1">5989</td></tr><tr class="passedodd"><td rowspan="3">executeClass.ExpenceCategoryPageExecution</td><td><a href="#m56">delectCategory</a></td><td rowspan="1">1653015037485</td><td rowspan="1">6150</td></tr><tr class="passedodd"><td><a href="#m57">editExistingCategory</a></td><td rowspan="1">1653014940155</td><td rowspan="1">5671</td></tr><tr class="passedodd"><td><a href="#m58">verifyHeading</a></td><td rowspan="1">1653014678906</td><td rowspan="1">4050</td></tr><tr class="passedeven"><td rowspan="3">executeClass.LogInPageExecution</td><td><a href="#m59">isRememberMeCheckboxEnabledAfterClick</a></td><td rowspan="1">1653014572027</td><td rowspan="1">590</td></tr><tr class="passedeven"><td><a href="#m60">verifySLoginWithInvalidUsernameAndPassword</a></td><td rowspan="1">1653014898532</td><td rowspan="1">1599</td></tr><tr class="passedeven"><td><a href="#m61">verifySuccessfulLogin</a></td><td rowspan="1">1653014731976</td><td rowspan="1">4030</td></tr><tr class="passedodd"><td rowspan="4">executeClass.ManageProductExecution</td><td><a href="#m62">verifyDelectFuntionality</a></td><td rowspan="1">1653015020341</td><td rowspan="1">6039</td></tr><tr class="passedodd"><td><a href="#m63">verifyHeading</a></td><td rowspan="1">1653014664157</td><td rowspan="1">4251</td></tr><tr class="passedodd"><td><a href="#m64">verifyResetUnderSearchWillClearSearchResult</a></td><td rowspan="1">1653014923824</td><td rowspan="1">5598</td></tr><tr class="passedodd"><td><a href="#m65">verifySearchFuntion</a></td><td rowspan="1">1653014783523</td><td rowspan="1">9799</td></tr></tbody>
</table>
<h2>Chrome Browser Test</h2><h3 id="m0">executeClass.CategoryPageExecution#addNewCategory</h3><table class="result"><tr><th>Exception</th></tr><tr><td><div class="stacktrace">org.openqa.selenium.ElementClickInterceptedException: element click intercepted: Element is not clickable at point (334, 694)
  (Session info: chrome=101.0.4951.67)
Build info: version: &apos;4.1.2&apos;, revision: &apos;9a5a329c5a&apos;
System info: host: &apos;JAYASANKERMURIN&apos;, ip: &apos;192.168.56.1&apos;, os.name: &apos;Windows 8.1&apos;, os.arch: &apos;amd64&apos;, os.version: &apos;6.3&apos;, java.version: &apos;17.0.2&apos;
Driver info: org.openqa.selenium.chrome.ChromeDriver
Command: [2e3e3b9a4b2f5fc46d26caa8949e5cf5, clickElement {id=d686cc20-5e42-4561-bcef-714216149a87}]
Capabilities {acceptInsecureCerts: false, browserName: chrome, browserVersion: 101.0.4951.67, chrome: {chromedriverVersion: 101.0.4951.41 (93c720db8323..., userDataDir: C:\Users\DELLNO~1\AppData\L...}, goog:chromeOptions: {debuggerAddress: localhost:64924}, javascriptEnabled: true, networkConnectionEnabled: false, pageLoadStrategy: normal, platform: WINDOWS, platformName: WINDOWS, proxy: Proxy(), se:cdp: ws://localhost:64924/devtoo..., se:cdpVersion: 101.0.4951.67, setWindowRect: true, strictFileInteractability: false, timeouts: {implicit: 0, pageLoad: 300000, script: 30000}, unhandledPromptBehavior: dismiss and notify, webauthn:extension:credBlob: true, webauthn:extension:largeBlob: true, webauthn:virtualAuthenticators: true}
Element: [[ChromeDriver: chrome on WINDOWS (2e3e3b9a4b2f5fc46d26caa8949e5cf5)] -&gt; xpath: //button[@name=&apos;create&apos;]]
Session ID: 2e3e3b9a4b2f5fc46d26caa8949e5cf5
	at org.openqa.selenium.remote.codec.w3c.W3CHttpResponseCodec.createException(W3CHttpResponseCodec.java:200)
	at org.openqa.selenium.remote.codec.w3c.W3CHttpResponseCodec.decode(W3CHttpResponseCodec.java:133)
	at org.openqa.selenium.remote.codec.w3c.W3CHttpResponseCodec.decode(W3CHttpResponseCodec.java:53)
	at org.openqa.selenium.remote.HttpCommandExecutor.execute(HttpCommandExecutor.java:184)
	at org.openqa.selenium.remote.service.DriverCommandExecutor.invokeExecute(DriverCommandExecutor.java:167)
	at org.openqa.selenium.remote.service.DriverCommandExecutor.execute(DriverCommandExecutor.java:142)
	at org.openqa.selenium.remote.RemoteWebDriver.execute(RemoteWebDriver.java:558)
	at org.openqa.selenium.remote.RemoteWebElement.execute(RemoteWebElement.java:251)
	at org.openqa.selenium.remote.RemoteWebElement.click(RemoteWebElement.java:77)
	at org.openqa.selenium.support.pagefactory.internal.LocatingElementHandler.invoke(LocatingElementHandler.java:52)
	at jdk.proxy2/jdk.proxy2.$Proxy17.click(Unknown Source)
	at utilities.GeneralUtility.clickElement(GeneralUtility.java:21)
	at elementRepository.CategoryPage.clicksave(CategoryPage.java:106)
	at executeClass.CategoryPageExecution.addNewCategory(CategoryPageExecution.java:62)
	at java.base/java.util.concurrent.FutureTask.run(FutureTask.java:264)
	at java.base/java.util.concurrent.ThreadPoolExecutor.runWorker(ThreadPoolExecutor.java:1136)
	at java.base/java.util.concurrent.ThreadPoolExecutor$Worker.run(ThreadPoolExecutor.java:635)
	at java.base/java.lang.Thread.run(Thread.java:833)
... Removed 24 stack frames</div></td></tr></table><p class="totop"><a href="#summary">back to summary</a></p>
<h3 id="m1">executeClass.CategoryPageExecution#verifyCancelOnAddCategoryPageCloseThePage</h3><table class="result"><tr><th>Exception</th></tr><tr><td><div class="stacktrace">org.openqa.selenium.ElementClickInterceptedException: element click intercepted: Element is not clickable at point (402, 694)
  (Session info: chrome=101.0.4951.67)
Build info: version: &apos;4.1.2&apos;, revision: &apos;9a5a329c5a&apos;
System info: host: &apos;JAYASANKERMURIN&apos;, ip: &apos;192.168.56.1&apos;, os.name: &apos;Windows 8.1&apos;, os.arch: &apos;amd64&apos;, os.version: &apos;6.3&apos;, java.version: &apos;17.0.2&apos;
Driver info: org.openqa.selenium.chrome.ChromeDriver
Command: [87a61db8d4c0131529ed085567961b63, clickElement {id=efe083b7-0061-48ef-9ee0-88c7721bf03b}]
Capabilities {acceptInsecureCerts: false, browserName: chrome, browserVersion: 101.0.4951.67, chrome: {chromedriverVersion: 101.0.4951.41 (93c720db8323..., userDataDir: C:\Users\DELLNO~1\AppData\L...}, goog:chromeOptions: {debuggerAddress: localhost:65201}, javascriptEnabled: true, networkConnectionEnabled: false, pageLoadStrategy: normal, platform: WINDOWS, platformName: WINDOWS, proxy: Proxy(), se:cdp: ws://localhost:65201/devtoo..., se:cdpVersion: 101.0.4951.67, setWindowRect: true, strictFileInteractability: false, timeouts: {implicit: 0, pageLoad: 300000, script: 30000}, unhandledPromptBehavior: dismiss and notify, webauthn:extension:credBlob: true, webauthn:extension:largeBlob: true, webauthn:virtualAuthenticators: true}
Element: [[ChromeDriver: chrome on WINDOWS (87a61db8d4c0131529ed085567961b63)] -&gt; xpath: //*[@class=&apos;btn btn-default btn-fix&apos;]]
Session ID: 87a61db8d4c0131529ed085567961b63
	at org.openqa.selenium.remote.codec.w3c.W3CHttpResponseCodec.createException(W3CHttpResponseCodec.java:200)
	at org.openqa.selenium.remote.codec.w3c.W3CHttpResponseCodec.decode(W3CHttpResponseCodec.java:133)
	at org.openqa.selenium.remote.codec.w3c.W3CHttpResponseCodec.decode(W3CHttpResponseCodec.java:53)
	at org.openqa.selenium.remote.HttpCommandExecutor.execute(HttpCommandExecutor.java:184)
	at org.openqa.selenium.remote.service.DriverCommandExecutor.invokeExecute(DriverCommandExecutor.java:167)
	at org.openqa.selenium.remote.service.DriverCommandExecutor.execute(DriverCommandExecutor.java:142)
	at org.openqa.selenium.remote.RemoteWebDriver.execute(RemoteWebDriver.java:558)
	at org.openqa.selenium.remote.RemoteWebElement.execute(RemoteWebElement.java:251)
	at org.openqa.selenium.remote.RemoteWebElement.click(RemoteWebElement.java:77)
	at org.openqa.selenium.support.pagefactory.internal.LocatingElementHandler.invoke(LocatingElementHandler.java:52)
	at jdk.proxy2/jdk.proxy2.$Proxy17.click(Unknown Source)
	at utilities.GeneralUtility.clickElement(GeneralUtility.java:21)
	at elementRepository.CategoryPage.clickCancel(CategoryPage.java:114)
	at executeClass.CategoryPageExecution.verifyCancelOnAddCategoryPageCloseThePage(CategoryPageExecution.java:78)
	at java.base/java.util.concurrent.FutureTask.run(FutureTask.java:264)
	at java.base/java.util.concurrent.ThreadPoolExecutor.runWorker(ThreadPoolExecutor.java:1136)
	at java.base/java.util.concurrent.ThreadPoolExecutor$Worker.run(ThreadPoolExecutor.java:635)
	at java.base/java.lang.Thread.run(Thread.java:833)
... Removed 24 stack frames</div></td></tr></table><p class="totop"><a href="#summary">back to summary</a></p>
<h3 id="m2">executeClass.CategoryPageExecution#verifyDelectFunction</h3><table class="result"><tr><th>Exception</th></tr><tr><td><div class="stacktrace">org.openqa.selenium.ElementClickInterceptedException: element click intercepted: Element is not clickable at point (1289, 739)
  (Session info: chrome=101.0.4951.67)
Build info: version: &apos;4.1.2&apos;, revision: &apos;9a5a329c5a&apos;
System info: host: &apos;JAYASANKERMURIN&apos;, ip: &apos;192.168.56.1&apos;, os.name: &apos;Windows 8.1&apos;, os.arch: &apos;amd64&apos;, os.version: &apos;6.3&apos;, java.version: &apos;17.0.2&apos;
Driver info: org.openqa.selenium.chrome.ChromeDriver
Command: [59481580171d777d9d08f47dd5dcb8e9, clickElement {id=8e102622-b367-4148-8d49-bd1e6717b511}]
Capabilities {acceptInsecureCerts: false, browserName: chrome, browserVersion: 101.0.4951.67, chrome: {chromedriverVersion: 101.0.4951.41 (93c720db8323..., userDataDir: C:\Users\DELLNO~1\AppData\L...}, goog:chromeOptions: {debuggerAddress: localhost:65408}, javascriptEnabled: true, networkConnectionEnabled: false, pageLoadStrategy: normal, platform: WINDOWS, platformName: WINDOWS, proxy: Proxy(), se:cdp: ws://localhost:65408/devtoo..., se:cdpVersion: 101.0.4951.67, setWindowRect: true, strictFileInteractability: false, timeouts: {implicit: 0, pageLoad: 300000, script: 30000}, unhandledPromptBehavior: dismiss and notify, webauthn:extension:credBlob: true, webauthn:extension:largeBlob: true, webauthn:virtualAuthenticators: true}
Element: [[ChromeDriver: chrome on WINDOWS (59481580171d777d9d08f47dd5dcb8e9)] -&gt; xpath: (//*[@class=&apos;fas fa-trash-alt&apos;])[6]]
Session ID: 59481580171d777d9d08f47dd5dcb8e9
	at org.openqa.selenium.remote.codec.w3c.W3CHttpResponseCodec.createException(W3CHttpResponseCodec.java:200)
	at org.openqa.selenium.remote.codec.w3c.W3CHttpResponseCodec.decode(W3CHttpResponseCodec.java:133)
	at org.openqa.selenium.remote.codec.w3c.W3CHttpResponseCodec.decode(W3CHttpResponseCodec.java:53)
	at org.openqa.selenium.remote.HttpCommandExecutor.execute(HttpCommandExecutor.java:184)
	at org.openqa.selenium.remote.service.DriverCommandExecutor.invokeExecute(DriverCommandExecutor.java:167)
	at org.openqa.selenium.remote.service.DriverCommandExecutor.execute(DriverCommandExecutor.java:142)
	at org.openqa.selenium.remote.RemoteWebDriver.execute(RemoteWebDriver.java:558)
	at org.openqa.selenium.remote.RemoteWebElement.execute(RemoteWebElement.java:251)
	at org.openqa.selenium.remote.RemoteWebElement.click(RemoteWebElement.java:77)
	at org.openqa.selenium.support.pagefactory.internal.LocatingElementHandler.invoke(LocatingElementHandler.java:52)
	at jdk.proxy2/jdk.proxy2.$Proxy17.click(Unknown Source)
	at utilities.GeneralUtility.clickElement(GeneralUtility.java:21)
	at elementRepository.CategoryPage.clickDelect(CategoryPage.java:122)
	at executeClass.CategoryPageExecution.verifyDelectFunction(CategoryPageExecution.java:93)
	at java.base/java.util.concurrent.FutureTask.run(FutureTask.java:264)
	at java.base/java.util.concurrent.ThreadPoolExecutor.runWorker(ThreadPoolExecutor.java:1136)
	at java.base/java.util.concurrent.ThreadPoolExecutor$Worker.run(ThreadPoolExecutor.java:635)
	at java.base/java.lang.Thread.run(Thread.java:833)
... Removed 24 stack frames</div></td></tr></table><p class="totop"><a href="#summary">back to summary</a></p>
<h3 id="m3">executeClass.LogInPageExecution#verifyUnsuccessfulLogin</h3><table class="result"><tr class="param"><th>Parameter #1</th><th>Parameter #2</th></tr><tr class="param stripe"><td>admin</td><td>admin12</td></tr><tr><th colspan="2">Exception</th></tr><tr><td colspan="2"><div class="stacktrace">java.lang.AssertionError: expected [http://groceryapp.uniqassosiates.com/admin] but found [http://groceryapp.uniqassosiates.com/admin/login]
	at executeClass.LogInPageExecution.verifyUnsuccessfulLogin(LogInPageExecution.java:54)
	at java.base/java.util.concurrent.FutureTask.run(FutureTask.java:264)
	at java.base/java.util.concurrent.ThreadPoolExecutor.runWorker(ThreadPoolExecutor.java:1136)
	at java.base/java.util.concurrent.ThreadPoolExecutor$Worker.run(ThreadPoolExecutor.java:635)
	at java.base/java.lang.Thread.run(Thread.java:833)
... Removed 22 stack frames</div></td></tr></table><p class="totop"><a href="#summary">back to summary</a></p>
<h3 id="m4">executeClass.LogInPageExecution#verifyUnsuccessfulLogin</h3><table class="result"><tr class="param"><th>Parameter #1</th><th>Parameter #2</th></tr><tr class="param stripe"><td>admin1234</td><td>admin1</td></tr><tr><th colspan="2">Exception</th></tr><tr><td colspan="2"><div class="stacktrace">java.lang.AssertionError: expected [http://groceryapp.uniqassosiates.com/admin] but found [http://groceryapp.uniqassosiates.com/admin/login]
	at executeClass.LogInPageExecution.verifyUnsuccessfulLogin(LogInPageExecution.java:54)
	at java.base/java.util.concurrent.FutureTask.run(FutureTask.java:264)
	at java.base/java.util.concurrent.ThreadPoolExecutor.runWorker(ThreadPoolExecutor.java:1136)
	at java.base/java.util.concurrent.ThreadPoolExecutor$Worker.run(ThreadPoolExecutor.java:635)
	at java.base/java.lang.Thread.run(Thread.java:833)
... Removed 22 stack frames</div></td></tr></table><p class="totop"><a href="#summary">back to summary</a></p>
<h3 id="m5">executeClass.LogInPageExecution#verifyUnsuccessfulLogin</h3><table class="result"><tr class="param"><th>Parameter #1</th><th>Parameter #2</th></tr><tr class="param stripe"><td>admin123</td><td>admin</td></tr><tr><th colspan="2">Exception</th></tr><tr><td colspan="2"><div class="stacktrace">java.lang.AssertionError: expected [http://groceryapp.uniqassosiates.com/admin] but found [http://groceryapp.uniqassosiates.com/admin/login]
	at executeClass.LogInPageExecution.verifyUnsuccessfulLogin(LogInPageExecution.java:54)
	at java.base/java.util.concurrent.FutureTask.run(FutureTask.java:264)
	at java.base/java.util.concurrent.ThreadPoolExecutor.runWorker(ThreadPoolExecutor.java:1136)
	at java.base/java.util.concurrent.ThreadPoolExecutor$Worker.run(ThreadPoolExecutor.java:635)
	at java.base/java.lang.Thread.run(Thread.java:833)
... Removed 22 stack frames</div></td></tr></table><p class="totop"><a href="#summary">back to summary</a></p>
<h3 id="m6">executeClass.ManageProductExecution#addNewProduct</h3><table class="result"><tr><th>Exception</th></tr><tr><td><div class="stacktrace">org.openqa.selenium.StaleElementReferenceException: stale element reference: element is not attached to the page document
  (Session info: chrome=101.0.4951.67)
For documentation on this error, please visit: https://selenium.dev/exceptions/#stale_element_reference
Build info: version: &apos;4.1.2&apos;, revision: &apos;9a5a329c5a&apos;
System info: host: &apos;JAYASANKERMURIN&apos;, ip: &apos;192.168.56.1&apos;, os.name: &apos;Windows 8.1&apos;, os.arch: &apos;amd64&apos;, os.version: &apos;6.3&apos;, java.version: &apos;17.0.2&apos;
Driver info: org.openqa.selenium.chrome.ChromeDriver
Command: [71d442f84af1cc06dcb257bc5597dcf4, findChildElements {id=f87f3aaa-383b-48ab-bd36-771419890b1c, using=tag name, value=option}]
Capabilities {acceptInsecureCerts: false, browserName: chrome, browserVersion: 101.0.4951.67, chrome: {chromedriverVersion: 101.0.4951.41 (93c720db8323..., userDataDir: C:\Users\DELLNO~1\AppData\L...}, goog:chromeOptions: {debuggerAddress: localhost:65313}, javascriptEnabled: true, networkConnectionEnabled: false, pageLoadStrategy: normal, platform: WINDOWS, platformName: WINDOWS, proxy: Proxy(), se:cdp: ws://localhost:65313/devtoo..., se:cdpVersion: 101.0.4951.67, setWindowRect: true, strictFileInteractability: false, timeouts: {implicit: 0, pageLoad: 300000, script: 30000}, unhandledPromptBehavior: dismiss and notify, webauthn:extension:credBlob: true, webauthn:extension:largeBlob: true, webauthn:virtualAuthenticators: true}
Session ID: 71d442f84af1cc06dcb257bc5597dcf4
	at org.openqa.selenium.remote.codec.w3c.W3CHttpResponseCodec.createException(W3CHttpResponseCodec.java:200)
	at org.openqa.selenium.remote.codec.w3c.W3CHttpResponseCodec.decode(W3CHttpResponseCodec.java:133)
	at org.openqa.selenium.remote.codec.w3c.W3CHttpResponseCodec.decode(W3CHttpResponseCodec.java:53)
	at org.openqa.selenium.remote.HttpCommandExecutor.execute(HttpCommandExecutor.java:184)
	at org.openqa.selenium.remote.service.DriverCommandExecutor.invokeExecute(DriverCommandExecutor.java:167)
	at org.openqa.selenium.remote.service.DriverCommandExecutor.execute(DriverCommandExecutor.java:142)
	at org.openqa.selenium.remote.RemoteWebDriver.execute(RemoteWebDriver.java:558)
	at org.openqa.selenium.remote.ElementLocation$ElementFinder$2.findElements(ElementLocation.java:179)
	at org.openqa.selenium.remote.ElementLocation.findElements(ElementLocation.java:102)
	at org.openqa.selenium.remote.RemoteWebDriver.findElements(RemoteWebDriver.java:397)
	at org.openqa.selenium.remote.RemoteWebElement.findElements(RemoteWebElement.java:213)
	at org.openqa.selenium.support.pagefactory.internal.LocatingElementHandler.invoke(LocatingElementHandler.java:52)
	at jdk.proxy2/jdk.proxy2.$Proxy17.findElements(Unknown Source)
	at org.openqa.selenium.support.ui.Select.getOptions(Select.java:79)
	at org.openqa.selenium.support.ui.Select.setSelectedByIndex(Select.java:295)
	at org.openqa.selenium.support.ui.Select.selectByIndex(Select.java:176)
	at utilities.GeneralUtility.selectDropdownByindex(GeneralUtility.java:87)
	at elementRepository.ManageProductPage.SelectSubcategory(ManageProductPage.java:171)
	at executeClass.ManageProductExecution.addNewProduct(ManageProductExecution.java:102)
	at java.base/java.util.concurrent.FutureTask.run(FutureTask.java:264)
	at java.base/java.util.concurrent.ThreadPoolExecutor.runWorker(ThreadPoolExecutor.java:1136)
	at java.base/java.util.concurrent.ThreadPoolExecutor$Worker.run(ThreadPoolExecutor.java:635)
	at java.base/java.lang.Thread.run(Thread.java:833)
... Removed 25 stack frames</div></td></tr></table><p class="totop"><a href="#summary">back to summary</a></p>
<h3 id="m7">executeClass.AdminUsersPageExecution#isPage2SelectedByClickingNextPage</h3><table class="result"><tr><th class="invisible"/></tr></table><p class="totop"><a href="#summary">back to summary</a></p>
<h3 id="m8">executeClass.AdminUsersPageExecution#verifyDelectUserFuctionalty</h3><table class="result"><tr><th class="invisible"/></tr></table><p class="totop"><a href="#summary">back to summary</a></p>
<h3 id="m9">executeClass.AdminUsersPageExecution#verifyNewUseraddedOrNot</h3><table class="result"><tr><th class="invisible"/></tr></table><p class="totop"><a href="#summary">back to summary</a></p>
<h3 id="m10">executeClass.AdminUsersPageExecution#verifySearchWithUsername</h3><table class="result"><tr><th class="invisible"/></tr></table><p class="totop"><a href="#summary">back to summary</a></p>
<h3 id="m11">executeClass.AdminUsersPageExecution#verifyThePageHeading</h3><table class="result"><tr><th class="invisible"/></tr></table><p class="totop"><a href="#summary">back to summary</a></p>
<h3 id="m12">executeClass.CategoryPageExecution#verifyPageHeading</h3><table class="result"><tr><th class="invisible"/></tr></table><p class="totop"><a href="#summary">back to summary</a></p>
<h3 id="m13">executeClass.CategoryPageExecution#verifySearchFunction</h3><table class="result"><tr><th class="invisible"/></tr></table><p class="totop"><a href="#summary">back to summary</a></p>
<h3 id="m14">executeClass.DashboardExecution#VerifymanageCODPageGettingOrNot</h3><table class="result"><tr><th class="invisible"/></tr></table><p class="totop"><a href="#summary">back to summary</a></p>
<h3 id="m15">executeClass.DashboardExecution#isExpenceCategoryUnderManageExpenceCanBeEnable</h3><table class="result"><tr><th class="invisible"/></tr></table><p class="totop"><a href="#summary">back to summary</a></p>
<h3 id="m16">executeClass.DashboardExecution#isLogoutOptionDisplayed</h3><table class="result"><tr><th class="invisible"/></tr></table><p class="totop"><a href="#summary">back to summary</a></p>
<h3 id="m17">executeClass.DashboardExecution#verifyLoginUserIsAdmin</h3><table class="result"><tr><th class="invisible"/></tr></table><p class="totop"><a href="#summary">back to summary</a></p>
<h3 id="m18">executeClass.DashboardExecution#verifyLogoutFunctinality</h3><table class="result"><tr><th class="invisible"/></tr></table><p class="totop"><a href="#summary">back to summary</a></p>
<h3 id="m19">executeClass.DashboardExecution#verifyManageOfferCodePageGettingOrNot</h3><table class="result"><tr><th class="invisible"/></tr></table><p class="totop"><a href="#summary">back to summary</a></p>
<h3 id="m20">executeClass.DashboardExecution#verifyManageProductPageGettingOrNot</h3><table class="result"><tr><th class="invisible"/></tr></table><p class="totop"><a href="#summary">back to summary</a></p>
<h3 id="m21">executeClass.DashboardExecution#verifyPageTitle</h3><table class="result"><tr><th class="invisible"/></tr></table><p class="totop"><a href="#summary">back to summary</a></p>
<h3 id="m22">executeClass.ExpenceCategoryPageExecution#addNewexpenceCategory</h3><table class="result"><tr><th class="invisible"/></tr></table><p class="totop"><a href="#summary">back to summary</a></p>
<h3 id="m23">executeClass.ExpenceCategoryPageExecution#delectCategory</h3><table class="result"><tr><th class="invisible"/></tr></table><p class="totop"><a href="#summary">back to summary</a></p>
<h3 id="m24">executeClass.ExpenceCategoryPageExecution#editExistingCategory</h3><table class="result"><tr><th class="invisible"/></tr></table><p class="totop"><a href="#summary">back to summary</a></p>
<h3 id="m25">executeClass.ExpenceCategoryPageExecution#verifyHeading</h3><table class="result"><tr><th class="invisible"/></tr></table><p class="totop"><a href="#summary">back to summary</a></p>
<h3 id="m26">executeClass.LogInPageExecution#isRememberMeCheckboxEnabledAfterClick</h3><table class="result"><tr><th class="invisible"/></tr></table><p class="totop"><a href="#summary">back to summary</a></p>
<h3 id="m27">executeClass.LogInPageExecution#verifySLoginWithInvalidUsernameAndPassword</h3><table class="result"><tr><th class="invisible"/></tr></table><p class="totop"><a href="#summary">back to summary</a></p>
<h3 id="m28">executeClass.LogInPageExecution#verifySuccessfulLogin</h3><table class="result"><tr><th class="invisible"/></tr></table><p class="totop"><a href="#summary">back to summary</a></p>
<h3 id="m29">executeClass.ManageProductExecution#verifyDelectFuntionality</h3><table class="result"><tr><th class="invisible"/></tr></table><p class="totop"><a href="#summary">back to summary</a></p>
<h3 id="m30">executeClass.ManageProductExecution#verifyHeading</h3><table class="result"><tr><th class="invisible"/></tr></table><p class="totop"><a href="#summary">back to summary</a></p>
<h3 id="m31">executeClass.ManageProductExecution#verifyResetUnderSearchWillClearSearchResult</h3><table class="result"><tr><th class="invisible"/></tr></table><p class="totop"><a href="#summary">back to summary</a></p>
<h3 id="m32">executeClass.ManageProductExecution#verifySearchFuntion</h3><table class="result"><tr><th class="invisible"/></tr></table><p class="totop"><a href="#summary">back to summary</a></p>
<h2>Edge Browser Test</h2><h3 id="m33">executeClass.AdminUsersPageExecution#verifyNewUseraddedOrNot</h3><table class="result"><tr><th>Exception</th></tr><tr><td><div class="stacktrace">org.openqa.selenium.NoSuchElementException: no such element: Unable to locate element: {&quot;method&quot;:&quot;xpath&quot;,&quot;selector&quot;:&quot;//*[contains(@class,&apos;alert alert-success &apos;)]&quot;}
  (Session info: MicrosoftEdge=101.0.1210.47)
For documentation on this error, please visit: https://selenium.dev/exceptions/#no_such_element
Build info: version: &apos;4.1.2&apos;, revision: &apos;9a5a329c5a&apos;
System info: host: &apos;JAYASANKERMURIN&apos;, ip: &apos;192.168.56.1&apos;, os.name: &apos;Windows 8.1&apos;, os.arch: &apos;amd64&apos;, os.version: &apos;6.3&apos;, java.version: &apos;17.0.2&apos;
Driver info: org.openqa.selenium.edge.EdgeDriver
Command: [630cccea44c872586a2132e5c26eb212, findElement {using=xpath, value=//*[contains(@class,&apos;alert alert-success &apos;)]}]
Capabilities {acceptInsecureCerts: false, browserName: msedge, browserVersion: 101.0.1210.47, javascriptEnabled: true, ms:edgeOptions: {debuggerAddress: localhost:64731}, msedge: {msedgedriverVersion: 101.0.1210.47 (f5323bd54bb6..., userDataDir: C:\Users\DELLNO~1\AppData\L...}, networkConnectionEnabled: false, pageLoadStrategy: normal, platform: WINDOWS, platformName: WINDOWS, proxy: Proxy(), se:cdp: ws://localhost:64731/devtoo..., se:cdpVersion: 101.0.1210.47, setWindowRect: true, strictFileInteractability: false, timeouts: {implicit: 0, pageLoad: 300000, script: 30000}, unhandledPromptBehavior: dismiss and notify, webauthn:extension:credBlob: true, webauthn:extension:largeBlob: true, webauthn:virtualAuthenticators: true}
Session ID: 630cccea44c872586a2132e5c26eb212
	at org.openqa.selenium.remote.codec.w3c.W3CHttpResponseCodec.createException(W3CHttpResponseCodec.java:200)
	at org.openqa.selenium.remote.codec.w3c.W3CHttpResponseCodec.decode(W3CHttpResponseCodec.java:133)
	at org.openqa.selenium.remote.codec.w3c.W3CHttpResponseCodec.decode(W3CHttpResponseCodec.java:53)
	at org.openqa.selenium.remote.HttpCommandExecutor.execute(HttpCommandExecutor.java:184)
	at org.openqa.selenium.remote.service.DriverCommandExecutor.invokeExecute(DriverCommandExecutor.java:167)
	at org.openqa.selenium.remote.service.DriverCommandExecutor.execute(DriverCommandExecutor.java:142)
	at org.openqa.selenium.remote.RemoteWebDriver.execute(RemoteWebDriver.java:558)
	at org.openqa.selenium.remote.ElementLocation$ElementFinder$2.findElement(ElementLocation.java:162)
	at org.openqa.selenium.remote.ElementLocation.findElement(ElementLocation.java:60)
	at org.openqa.selenium.remote.RemoteWebDriver.findElement(RemoteWebDriver.java:382)
	at org.openqa.selenium.remote.RemoteWebDriver.findElement(RemoteWebDriver.java:374)
	at org.openqa.selenium.support.pagefactory.DefaultElementLocator.findElement(DefaultElementLocator.java:70)
	at org.openqa.selenium.support.pagefactory.internal.LocatingElementHandler.invoke(LocatingElementHandler.java:39)
	at jdk.proxy2/jdk.proxy2.$Proxy17.isDisplayed(Unknown Source)
	at utilities.GeneralUtility.elementDisplayed(GeneralUtility.java:33)
	at elementRepository.AdminUsersPage.isDisplayed(AdminUsersPage.java:97)
	at executeClass.AdminUsersPageExecution.verifyNewUseraddedOrNot(AdminUsersPageExecution.java:46)
	at java.base/java.util.concurrent.FutureTask.run(FutureTask.java:264)
	at java.base/java.util.concurrent.ThreadPoolExecutor.runWorker(ThreadPoolExecutor.java:1136)
	at java.base/java.util.concurrent.ThreadPoolExecutor$Worker.run(ThreadPoolExecutor.java:635)
	at java.base/java.lang.Thread.run(Thread.java:833)
... Removed 21 stack frames</div></td></tr></table><p class="totop"><a href="#summary">back to summary</a></p>
<h3 id="m34">executeClass.AdminUsersPageExecution#verifySearchWithUsername</h3><table class="result"><tr><th>Exception</th></tr><tr><td><div class="stacktrace">java.lang.AssertionError: expected [Robert] but found [.........RESULT NOT FOUND.......]
	at executeClass.AdminUsersPageExecution.verifySearchWithUsername(AdminUsersPageExecution.java:81)
	at java.base/java.util.concurrent.FutureTask.run(FutureTask.java:264)
	at java.base/java.util.concurrent.ThreadPoolExecutor.runWorker(ThreadPoolExecutor.java:1136)
	at java.base/java.util.concurrent.ThreadPoolExecutor$Worker.run(ThreadPoolExecutor.java:635)
	at java.base/java.lang.Thread.run(Thread.java:833)
... Removed 22 stack frames</div></td></tr></table><p class="totop"><a href="#summary">back to summary</a></p>
<h3 id="m35">executeClass.CategoryPageExecution#addNewCategory</h3><table class="result"><tr><th>Exception</th></tr><tr><td><div class="stacktrace">org.openqa.selenium.ElementClickInterceptedException: element click intercepted: Element is not clickable at point (334, 694)
  (Session info: MicrosoftEdge=101.0.1210.47)
Build info: version: &apos;4.1.2&apos;, revision: &apos;9a5a329c5a&apos;
System info: host: &apos;JAYASANKERMURIN&apos;, ip: &apos;192.168.56.1&apos;, os.name: &apos;Windows 8.1&apos;, os.arch: &apos;amd64&apos;, os.version: &apos;6.3&apos;, java.version: &apos;17.0.2&apos;
Driver info: org.openqa.selenium.edge.EdgeDriver
Command: [3d211649c92494076a7bd6f5990786be, clickElement {id=c70070d9-ca7d-47cb-931d-069d30ed255b}]
Capabilities {acceptInsecureCerts: false, browserName: msedge, browserVersion: 101.0.1210.47, javascriptEnabled: true, ms:edgeOptions: {debuggerAddress: localhost:65227}, msedge: {msedgedriverVersion: 101.0.1210.47 (f5323bd54bb6..., userDataDir: C:\Users\DELLNO~1\AppData\L...}, networkConnectionEnabled: false, pageLoadStrategy: normal, platform: WINDOWS, platformName: WINDOWS, proxy: Proxy(), se:cdp: ws://localhost:65227/devtoo..., se:cdpVersion: 101.0.1210.47, setWindowRect: true, strictFileInteractability: false, timeouts: {implicit: 0, pageLoad: 300000, script: 30000}, unhandledPromptBehavior: dismiss and notify, webauthn:extension:credBlob: true, webauthn:extension:largeBlob: true, webauthn:virtualAuthenticators: true}
Element: [[EdgeDriver: msedge on WINDOWS (3d211649c92494076a7bd6f5990786be)] -&gt; xpath: //button[@name=&apos;create&apos;]]
Session ID: 3d211649c92494076a7bd6f5990786be
	at org.openqa.selenium.remote.codec.w3c.W3CHttpResponseCodec.createException(W3CHttpResponseCodec.java:200)
	at org.openqa.selenium.remote.codec.w3c.W3CHttpResponseCodec.decode(W3CHttpResponseCodec.java:133)
	at org.openqa.selenium.remote.codec.w3c.W3CHttpResponseCodec.decode(W3CHttpResponseCodec.java:53)
	at org.openqa.selenium.remote.HttpCommandExecutor.execute(HttpCommandExecutor.java:184)
	at org.openqa.selenium.remote.service.DriverCommandExecutor.invokeExecute(DriverCommandExecutor.java:167)
	at org.openqa.selenium.remote.service.DriverCommandExecutor.execute(DriverCommandExecutor.java:142)
	at org.openqa.selenium.remote.RemoteWebDriver.execute(RemoteWebDriver.java:558)
	at org.openqa.selenium.remote.RemoteWebElement.execute(RemoteWebElement.java:251)
	at org.openqa.selenium.remote.RemoteWebElement.click(RemoteWebElement.java:77)
	at org.openqa.selenium.support.pagefactory.internal.LocatingElementHandler.invoke(LocatingElementHandler.java:52)
	at jdk.proxy2/jdk.proxy2.$Proxy17.click(Unknown Source)
	at utilities.GeneralUtility.clickElement(GeneralUtility.java:21)
	at elementRepository.CategoryPage.clicksave(CategoryPage.java:106)
	at executeClass.CategoryPageExecution.addNewCategory(CategoryPageExecution.java:62)
	at java.base/java.util.concurrent.FutureTask.run(FutureTask.java:264)
	at java.base/java.util.concurrent.ThreadPoolExecutor.runWorker(ThreadPoolExecutor.java:1136)
	at java.base/java.util.concurrent.ThreadPoolExecutor$Worker.run(ThreadPoolExecutor.java:635)
	at java.base/java.lang.Thread.run(Thread.java:833)
... Removed 24 stack frames</div></td></tr></table><p class="totop"><a href="#summary">back to summary</a></p>
<h3 id="m36">executeClass.CategoryPageExecution#verifyCancelOnAddCategoryPageCloseThePage</h3><table class="result"><tr><th>Exception</th></tr><tr><td><div class="stacktrace">org.openqa.selenium.ElementClickInterceptedException: element click intercepted: Element is not clickable at point (402, 694)
  (Session info: MicrosoftEdge=101.0.1210.47)
Build info: version: &apos;4.1.2&apos;, revision: &apos;9a5a329c5a&apos;
System info: host: &apos;JAYASANKERMURIN&apos;, ip: &apos;192.168.56.1&apos;, os.name: &apos;Windows 8.1&apos;, os.arch: &apos;amd64&apos;, os.version: &apos;6.3&apos;, java.version: &apos;17.0.2&apos;
Driver info: org.openqa.selenium.edge.EdgeDriver
Command: [06da0142082d7d8840d1771a6330a53a, clickElement {id=265e49b5-d00d-4377-954e-9d130b3d4760}]
Capabilities {acceptInsecureCerts: false, browserName: msedge, browserVersion: 101.0.1210.47, javascriptEnabled: true, ms:edgeOptions: {debuggerAddress: localhost:49216}, msedge: {msedgedriverVersion: 101.0.1210.47 (f5323bd54bb6..., userDataDir: C:\Users\DELLNO~1\AppData\L...}, networkConnectionEnabled: false, pageLoadStrategy: normal, platform: WINDOWS, platformName: WINDOWS, proxy: Proxy(), se:cdp: ws://localhost:49216/devtoo..., se:cdpVersion: 101.0.1210.47, setWindowRect: true, strictFileInteractability: false, timeouts: {implicit: 0, pageLoad: 300000, script: 30000}, unhandledPromptBehavior: dismiss and notify, webauthn:extension:credBlob: true, webauthn:extension:largeBlob: true, webauthn:virtualAuthenticators: true}
Element: [[EdgeDriver: msedge on WINDOWS (06da0142082d7d8840d1771a6330a53a)] -&gt; xpath: //*[@class=&apos;btn btn-default btn-fix&apos;]]
Session ID: 06da0142082d7d8840d1771a6330a53a
	at org.openqa.selenium.remote.codec.w3c.W3CHttpResponseCodec.createException(W3CHttpResponseCodec.java:200)
	at org.openqa.selenium.remote.codec.w3c.W3CHttpResponseCodec.decode(W3CHttpResponseCodec.java:133)
	at org.openqa.selenium.remote.codec.w3c.W3CHttpResponseCodec.decode(W3CHttpResponseCodec.java:53)
	at org.openqa.selenium.remote.HttpCommandExecutor.execute(HttpCommandExecutor.java:184)
	at org.openqa.selenium.remote.service.DriverCommandExecutor.invokeExecute(DriverCommandExecutor.java:167)
	at org.openqa.selenium.remote.service.DriverCommandExecutor.execute(DriverCommandExecutor.java:142)
	at org.openqa.selenium.remote.RemoteWebDriver.execute(RemoteWebDriver.java:558)
	at org.openqa.selenium.remote.RemoteWebElement.execute(RemoteWebElement.java:251)
	at org.openqa.selenium.remote.RemoteWebElement.click(RemoteWebElement.java:77)
	at org.openqa.selenium.support.pagefactory.internal.LocatingElementHandler.invoke(LocatingElementHandler.java:52)
	at jdk.proxy2/jdk.proxy2.$Proxy17.click(Unknown Source)
	at utilities.GeneralUtility.clickElement(GeneralUtility.java:21)
	at elementRepository.CategoryPage.clickCancel(CategoryPage.java:114)
	at executeClass.CategoryPageExecution.verifyCancelOnAddCategoryPageCloseThePage(CategoryPageExecution.java:78)
	at java.base/java.util.concurrent.FutureTask.run(FutureTask.java:264)
	at java.base/java.util.concurrent.ThreadPoolExecutor.runWorker(ThreadPoolExecutor.java:1136)
	at java.base/java.util.concurrent.ThreadPoolExecutor$Worker.run(ThreadPoolExecutor.java:635)
	at java.base/java.lang.Thread.run(Thread.java:833)
... Removed 24 stack frames</div></td></tr></table><p class="totop"><a href="#summary">back to summary</a></p>
<h3 id="m37">executeClass.CategoryPageExecution#verifyDelectFunction</h3><table class="result"><tr><th>Exception</th></tr><tr><td><div class="stacktrace">org.openqa.selenium.ElementClickInterceptedException: element click intercepted: Element is not clickable at point (1289, 740)
  (Session info: MicrosoftEdge=101.0.1210.47)
Build info: version: &apos;4.1.2&apos;, revision: &apos;9a5a329c5a&apos;
System info: host: &apos;JAYASANKERMURIN&apos;, ip: &apos;192.168.56.1&apos;, os.name: &apos;Windows 8.1&apos;, os.arch: &apos;amd64&apos;, os.version: &apos;6.3&apos;, java.version: &apos;17.0.2&apos;
Driver info: org.openqa.selenium.edge.EdgeDriver
Command: [d6ebf70c7569b6c8abe3a39324f43836, clickElement {id=b273e8b0-66a5-41af-b041-921494b0dc42}]
Capabilities {acceptInsecureCerts: false, browserName: msedge, browserVersion: 101.0.1210.47, javascriptEnabled: true, ms:edgeOptions: {debuggerAddress: localhost:49359}, msedge: {msedgedriverVersion: 101.0.1210.47 (f5323bd54bb6..., userDataDir: C:\Users\DELLNO~1\AppData\L...}, networkConnectionEnabled: false, pageLoadStrategy: normal, platform: WINDOWS, platformName: WINDOWS, proxy: Proxy(), se:cdp: ws://localhost:49359/devtoo..., se:cdpVersion: 101.0.1210.47, setWindowRect: true, strictFileInteractability: false, timeouts: {implicit: 0, pageLoad: 300000, script: 30000}, unhandledPromptBehavior: dismiss and notify, webauthn:extension:credBlob: true, webauthn:extension:largeBlob: true, webauthn:virtualAuthenticators: true}
Element: [[EdgeDriver: msedge on WINDOWS (d6ebf70c7569b6c8abe3a39324f43836)] -&gt; xpath: (//*[@class=&apos;fas fa-trash-alt&apos;])[6]]
Session ID: d6ebf70c7569b6c8abe3a39324f43836
	at org.openqa.selenium.remote.codec.w3c.W3CHttpResponseCodec.createException(W3CHttpResponseCodec.java:200)
	at org.openqa.selenium.remote.codec.w3c.W3CHttpResponseCodec.decode(W3CHttpResponseCodec.java:133)
	at org.openqa.selenium.remote.codec.w3c.W3CHttpResponseCodec.decode(W3CHttpResponseCodec.java:53)
	at org.openqa.selenium.remote.HttpCommandExecutor.execute(HttpCommandExecutor.java:184)
	at org.openqa.selenium.remote.service.DriverCommandExecutor.invokeExecute(DriverCommandExecutor.java:167)
	at org.openqa.selenium.remote.service.DriverCommandExecutor.execute(DriverCommandExecutor.java:142)
	at org.openqa.selenium.remote.RemoteWebDriver.execute(RemoteWebDriver.java:558)
	at org.openqa.selenium.remote.RemoteWebElement.execute(RemoteWebElement.java:251)
	at org.openqa.selenium.remote.RemoteWebElement.click(RemoteWebElement.java:77)
	at org.openqa.selenium.support.pagefactory.internal.LocatingElementHandler.invoke(LocatingElementHandler.java:52)
	at jdk.proxy2/jdk.proxy2.$Proxy17.click(Unknown Source)
	at utilities.GeneralUtility.clickElement(GeneralUtility.java:21)
	at elementRepository.CategoryPage.clickDelect(CategoryPage.java:122)
	at executeClass.CategoryPageExecution.verifyDelectFunction(CategoryPageExecution.java:93)
	at java.base/java.util.concurrent.FutureTask.run(FutureTask.java:264)
	at java.base/java.util.concurrent.ThreadPoolExecutor.runWorker(ThreadPoolExecutor.java:1136)
	at java.base/java.util.concurrent.ThreadPoolExecutor$Worker.run(ThreadPoolExecutor.java:635)
	at java.base/java.lang.Thread.run(Thread.java:833)
... Removed 24 stack frames</div></td></tr></table><p class="totop"><a href="#summary">back to summary</a></p>
<h3 id="m38">executeClass.ExpenceCategoryPageExecution#addNewexpenceCategory</h3><table class="result"><tr><th>Exception</th></tr><tr><td><div class="stacktrace">org.openqa.selenium.NoSuchElementException: no such element: Unable to locate element: {&quot;method&quot;:&quot;xpath&quot;,&quot;selector&quot;:&quot;//*[@class=&apos;alert alert-success alert-dismissible&apos;]&quot;}
  (Session info: MicrosoftEdge=101.0.1210.47)
For documentation on this error, please visit: https://selenium.dev/exceptions/#no_such_element
Build info: version: &apos;4.1.2&apos;, revision: &apos;9a5a329c5a&apos;
System info: host: &apos;JAYASANKERMURIN&apos;, ip: &apos;192.168.56.1&apos;, os.name: &apos;Windows 8.1&apos;, os.arch: &apos;amd64&apos;, os.version: &apos;6.3&apos;, java.version: &apos;17.0.2&apos;
Driver info: org.openqa.selenium.edge.EdgeDriver
Command: [13594cba23d5e1aaa8ea67a9bb4ea4a7, findElement {using=xpath, value=//*[@class=&apos;alert alert-success alert-dismissible&apos;]}]
Capabilities {acceptInsecureCerts: false, browserName: msedge, browserVersion: 101.0.1210.47, javascriptEnabled: true, ms:edgeOptions: {debuggerAddress: localhost:64625}, msedge: {msedgedriverVersion: 101.0.1210.47 (f5323bd54bb6..., userDataDir: C:\Users\DELLNO~1\AppData\L...}, networkConnectionEnabled: false, pageLoadStrategy: normal, platform: WINDOWS, platformName: WINDOWS, proxy: Proxy(), se:cdp: ws://localhost:64625/devtoo..., se:cdpVersion: 101.0.1210.47, setWindowRect: true, strictFileInteractability: false, timeouts: {implicit: 0, pageLoad: 300000, script: 30000}, unhandledPromptBehavior: dismiss and notify, webauthn:extension:credBlob: true, webauthn:extension:largeBlob: true, webauthn:virtualAuthenticators: true}
Session ID: 13594cba23d5e1aaa8ea67a9bb4ea4a7
	at org.openqa.selenium.remote.codec.w3c.W3CHttpResponseCodec.createException(W3CHttpResponseCodec.java:200)
	at org.openqa.selenium.remote.codec.w3c.W3CHttpResponseCodec.decode(W3CHttpResponseCodec.java:133)
	at org.openqa.selenium.remote.codec.w3c.W3CHttpResponseCodec.decode(W3CHttpResponseCodec.java:53)
	at org.openqa.selenium.remote.HttpCommandExecutor.execute(HttpCommandExecutor.java:184)
	at org.openqa.selenium.remote.service.DriverCommandExecutor.invokeExecute(DriverCommandExecutor.java:167)
	at org.openqa.selenium.remote.service.DriverCommandExecutor.execute(DriverCommandExecutor.java:142)
	at org.openqa.selenium.remote.RemoteWebDriver.execute(RemoteWebDriver.java:558)
	at org.openqa.selenium.remote.ElementLocation$ElementFinder$2.findElement(ElementLocation.java:162)
	at org.openqa.selenium.remote.ElementLocation.findElement(ElementLocation.java:60)
	at org.openqa.selenium.remote.RemoteWebDriver.findElement(RemoteWebDriver.java:382)
	at org.openqa.selenium.remote.RemoteWebDriver.findElement(RemoteWebDriver.java:374)
	at org.openqa.selenium.support.pagefactory.DefaultElementLocator.findElement(DefaultElementLocator.java:70)
	at org.openqa.selenium.support.pagefactory.internal.LocatingElementHandler.invoke(LocatingElementHandler.java:39)
	at jdk.proxy2/jdk.proxy2.$Proxy17.isDisplayed(Unknown Source)
	at utilities.GeneralUtility.elementDisplayed(GeneralUtility.java:33)
	at elementRepository.ExpenceCategoryPage.successfulMessageIsPresent(ExpenceCategoryPage.java:74)
	at executeClass.ExpenceCategoryPageExecution.addNewexpenceCategory(ExpenceCategoryPageExecution.java:45)
	at java.base/java.util.concurrent.FutureTask.run(FutureTask.java:264)
	at java.base/java.util.concurrent.ThreadPoolExecutor.runWorker(ThreadPoolExecutor.java:1136)
	at java.base/java.util.concurrent.ThreadPoolExecutor$Worker.run(ThreadPoolExecutor.java:635)
	at java.base/java.lang.Thread.run(Thread.java:833)
... Removed 21 stack frames</div></td></tr></table><p class="totop"><a href="#summary">back to summary</a></p>
<h3 id="m39">executeClass.LogInPageExecution#verifyUnsuccessfulLogin</h3><table class="result"><tr class="param"><th>Parameter #1</th><th>Parameter #2</th></tr><tr class="param stripe"><td>admin1234</td><td>admin1</td></tr><tr><th colspan="2">Exception</th></tr><tr><td colspan="2"><div class="stacktrace">java.lang.AssertionError: expected [http://groceryapp.uniqassosiates.com/admin] but found [http://groceryapp.uniqassosiates.com/admin/login]
	at executeClass.LogInPageExecution.verifyUnsuccessfulLogin(LogInPageExecution.java:54)
	at java.base/java.util.concurrent.FutureTask.run(FutureTask.java:264)
	at java.base/java.util.concurrent.ThreadPoolExecutor.runWorker(ThreadPoolExecutor.java:1136)
	at java.base/java.util.concurrent.ThreadPoolExecutor$Worker.run(ThreadPoolExecutor.java:635)
	at java.base/java.lang.Thread.run(Thread.java:833)
... Removed 22 stack frames</div></td></tr></table><p class="totop"><a href="#summary">back to summary</a></p>
<h3 id="m40">executeClass.LogInPageExecution#verifyUnsuccessfulLogin</h3><table class="result"><tr class="param"><th>Parameter #1</th><th>Parameter #2</th></tr><tr class="param stripe"><td>admin</td><td>admin12</td></tr><tr><th colspan="2">Exception</th></tr><tr><td colspan="2"><div class="stacktrace">java.lang.AssertionError: expected [http://groceryapp.uniqassosiates.com/admin] but found [http://groceryapp.uniqassosiates.com/admin/login]
	at executeClass.LogInPageExecution.verifyUnsuccessfulLogin(LogInPageExecution.java:54)
	at java.base/java.util.concurrent.FutureTask.run(FutureTask.java:264)
	at java.base/java.util.concurrent.ThreadPoolExecutor.runWorker(ThreadPoolExecutor.java:1136)
	at java.base/java.util.concurrent.ThreadPoolExecutor$Worker.run(ThreadPoolExecutor.java:635)
	at java.base/java.lang.Thread.run(Thread.java:833)
... Removed 22 stack frames</div></td></tr></table><p class="totop"><a href="#summary">back to summary</a></p>
<h3 id="m41">executeClass.LogInPageExecution#verifyUnsuccessfulLogin</h3><table class="result"><tr class="param"><th>Parameter #1</th><th>Parameter #2</th></tr><tr class="param stripe"><td>admin123</td><td>admin</td></tr><tr><th colspan="2">Exception</th></tr><tr><td colspan="2"><div class="stacktrace">java.lang.AssertionError: expected [http://groceryapp.uniqassosiates.com/admin] but found [http://groceryapp.uniqassosiates.com/admin/login]
	at executeClass.LogInPageExecution.verifyUnsuccessfulLogin(LogInPageExecution.java:54)
	at java.base/java.util.concurrent.FutureTask.run(FutureTask.java:264)
	at java.base/java.util.concurrent.ThreadPoolExecutor.runWorker(ThreadPoolExecutor.java:1136)
	at java.base/java.util.concurrent.ThreadPoolExecutor$Worker.run(ThreadPoolExecutor.java:635)
	at java.base/java.lang.Thread.run(Thread.java:833)
... Removed 22 stack frames</div></td></tr></table><p class="totop"><a href="#summary">back to summary</a></p>
<h3 id="m42">executeClass.ManageProductExecution#addNewProduct</h3><table class="result"><tr><th>Exception</th></tr><tr><td><div class="stacktrace">org.openqa.selenium.StaleElementReferenceException: stale element reference: element is not attached to the page document
  (Session info: MicrosoftEdge=101.0.1210.47)
For documentation on this error, please visit: https://selenium.dev/exceptions/#stale_element_reference
Build info: version: &apos;4.1.2&apos;, revision: &apos;9a5a329c5a&apos;
System info: host: &apos;JAYASANKERMURIN&apos;, ip: &apos;192.168.56.1&apos;, os.name: &apos;Windows 8.1&apos;, os.arch: &apos;amd64&apos;, os.version: &apos;6.3&apos;, java.version: &apos;17.0.2&apos;
Driver info: org.openqa.selenium.edge.EdgeDriver
Command: [934a965c02a4e4e0519cf1ce1373ce68, findChildElements {id=f8a2c898-86ae-44de-92e4-5034651a5cd5, using=tag name, value=option}]
Capabilities {acceptInsecureCerts: false, browserName: msedge, browserVersion: 101.0.1210.47, javascriptEnabled: true, ms:edgeOptions: {debuggerAddress: localhost:49289}, msedge: {msedgedriverVersion: 101.0.1210.47 (f5323bd54bb6..., userDataDir: C:\Users\DELLNO~1\AppData\L...}, networkConnectionEnabled: false, pageLoadStrategy: normal, platform: WINDOWS, platformName: WINDOWS, proxy: Proxy(), se:cdp: ws://localhost:49289/devtoo..., se:cdpVersion: 101.0.1210.47, setWindowRect: true, strictFileInteractability: false, timeouts: {implicit: 0, pageLoad: 300000, script: 30000}, unhandledPromptBehavior: dismiss and notify, webauthn:extension:credBlob: true, webauthn:extension:largeBlob: true, webauthn:virtualAuthenticators: true}
Session ID: 934a965c02a4e4e0519cf1ce1373ce68
	at org.openqa.selenium.remote.codec.w3c.W3CHttpResponseCodec.createException(W3CHttpResponseCodec.java:200)
	at org.openqa.selenium.remote.codec.w3c.W3CHttpResponseCodec.decode(W3CHttpResponseCodec.java:133)
	at org.openqa.selenium.remote.codec.w3c.W3CHttpResponseCodec.decode(W3CHttpResponseCodec.java:53)
	at org.openqa.selenium.remote.HttpCommandExecutor.execute(HttpCommandExecutor.java:184)
	at org.openqa.selenium.remote.service.DriverCommandExecutor.invokeExecute(DriverCommandExecutor.java:167)
	at org.openqa.selenium.remote.service.DriverCommandExecutor.execute(DriverCommandExecutor.java:142)
	at org.openqa.selenium.remote.RemoteWebDriver.execute(RemoteWebDriver.java:558)
	at org.openqa.selenium.remote.ElementLocation$ElementFinder$2.findElements(ElementLocation.java:179)
	at org.openqa.selenium.remote.ElementLocation.findElements(ElementLocation.java:102)
	at org.openqa.selenium.remote.RemoteWebDriver.findElements(RemoteWebDriver.java:397)
	at org.openqa.selenium.remote.RemoteWebElement.findElements(RemoteWebElement.java:213)
	at org.openqa.selenium.support.pagefactory.internal.LocatingElementHandler.invoke(LocatingElementHandler.java:52)
	at jdk.proxy2/jdk.proxy2.$Proxy17.findElements(Unknown Source)
	at org.openqa.selenium.support.ui.Select.getOptions(Select.java:79)
	at org.openqa.selenium.support.ui.Select.setSelectedByIndex(Select.java:295)
	at org.openqa.selenium.support.ui.Select.selectByIndex(Select.java:176)
	at utilities.GeneralUtility.selectDropdownByindex(GeneralUtility.java:87)
	at elementRepository.ManageProductPage.SelectSubcategory(ManageProductPage.java:171)
	at executeClass.ManageProductExecution.addNewProduct(ManageProductExecution.java:102)
	at java.base/java.util.concurrent.FutureTask.run(FutureTask.java:264)
	at java.base/java.util.concurrent.ThreadPoolExecutor.runWorker(ThreadPoolExecutor.java:1136)
	at java.base/java.util.concurrent.ThreadPoolExecutor$Worker.run(ThreadPoolExecutor.java:635)
	at java.base/java.lang.Thread.run(Thread.java:833)
... Removed 25 stack frames</div></td></tr></table><p class="totop"><a href="#summary">back to summary</a></p>
<h3 id="m43">executeClass.AdminUsersPageExecution#isPage2SelectedByClickingNextPage</h3><table class="result"><tr><th class="invisible"/></tr></table><p class="totop"><a href="#summary">back to summary</a></p>
<h3 id="m44">executeClass.AdminUsersPageExecution#verifyDelectUserFuctionalty</h3><table class="result"><tr><th class="invisible"/></tr></table><p class="totop"><a href="#summary">back to summary</a></p>
<h3 id="m45">executeClass.AdminUsersPageExecution#verifyThePageHeading</h3><table class="result"><tr><th class="invisible"/></tr></table><p class="totop"><a href="#summary">back to summary</a></p>
<h3 id="m46">executeClass.CategoryPageExecution#verifyPageHeading</h3><table class="result"><tr><th class="invisible"/></tr></table><p class="totop"><a href="#summary">back to summary</a></p>
<h3 id="m47">executeClass.CategoryPageExecution#verifySearchFunction</h3><table class="result"><tr><th class="invisible"/></tr></table><p class="totop"><a href="#summary">back to summary</a></p>
<h3 id="m48">executeClass.DashboardExecution#VerifymanageCODPageGettingOrNot</h3><table class="result"><tr><th class="invisible"/></tr></table><p class="totop"><a href="#summary">back to summary</a></p>
<h3 id="m49">executeClass.DashboardExecution#isExpenceCategoryUnderManageExpenceCanBeEnable</h3><table class="result"><tr><th class="invisible"/></tr></table><p class="totop"><a href="#summary">back to summary</a></p>
<h3 id="m50">executeClass.DashboardExecution#isLogoutOptionDisplayed</h3><table class="result"><tr><th class="invisible"/></tr></table><p class="totop"><a href="#summary">back to summary</a></p>
<h3 id="m51">executeClass.DashboardExecution#verifyLoginUserIsAdmin</h3><table class="result"><tr><th class="invisible"/></tr></table><p class="totop"><a href="#summary">back to summary</a></p>
<h3 id="m52">executeClass.DashboardExecution#verifyLogoutFunctinality</h3><table class="result"><tr><th class="invisible"/></tr></table><p class="totop"><a href="#summary">back to summary</a></p>
<h3 id="m53">executeClass.DashboardExecution#verifyManageOfferCodePageGettingOrNot</h3><table class="result"><tr><th class="invisible"/></tr></table><p class="totop"><a href="#summary">back to summary</a></p>
<h3 id="m54">executeClass.DashboardExecution#verifyManageProductPageGettingOrNot</h3><table class="result"><tr><th class="invisible"/></tr></table><p class="totop"><a href="#summary">back to summary</a></p>
<h3 id="m55">executeClass.DashboardExecution#verifyPageTitle</h3><table class="result"><tr><th class="invisible"/></tr></table><p class="totop"><a href="#summary">back to summary</a></p>
<h3 id="m56">executeClass.ExpenceCategoryPageExecution#delectCategory</h3><table class="result"><tr><th class="invisible"/></tr></table><p class="totop"><a href="#summary">back to summary</a></p>
<h3 id="m57">executeClass.ExpenceCategoryPageExecution#editExistingCategory</h3><table class="result"><tr><th class="invisible"/></tr></table><p class="totop"><a href="#summary">back to summary</a></p>
<h3 id="m58">executeClass.ExpenceCategoryPageExecution#verifyHeading</h3><table class="result"><tr><th class="invisible"/></tr></table><p class="totop"><a href="#summary">back to summary</a></p>
<h3 id="m59">executeClass.LogInPageExecution#isRememberMeCheckboxEnabledAfterClick</h3><table class="result"><tr><th class="invisible"/></tr></table><p class="totop"><a href="#summary">back to summary</a></p>
<h3 id="m60">executeClass.LogInPageExecution#verifySLoginWithInvalidUsernameAndPassword</h3><table class="result"><tr><th class="invisible"/></tr></table><p class="totop"><a href="#summary">back to summary</a></p>
<h3 id="m61">executeClass.LogInPageExecution#verifySuccessfulLogin</h3><table class="result"><tr><th class="invisible"/></tr></table><p class="totop"><a href="#summary">back to summary</a></p>
<h3 id="m62">executeClass.ManageProductExecution#verifyDelectFuntionality</h3><table class="result"><tr><th class="invisible"/></tr></table><p class="totop"><a href="#summary">back to summary</a></p>
<h3 id="m63">executeClass.ManageProductExecution#verifyHeading</h3><table class="result"><tr><th class="invisible"/></tr></table><p class="totop"><a href="#summary">back to summary</a></p>
<h3 id="m64">executeClass.ManageProductExecution#verifyResetUnderSearchWillClearSearchResult</h3><table class="result"><tr><th class="invisible"/></tr></table><p class="totop"><a href="#summary">back to summary</a></p>
<h3 id="m65">executeClass.ManageProductExecution#verifySearchFuntion</h3><table class="result"><tr><th class="invisible"/></tr></table><p class="totop"><a href="#summary">back to summary</a></p>
</body>
</html>
